<?xml version="1.0" encoding="UTF-8"?>
<testng-results ignored="0" total="4" passed="3" failed="1" skipped="0">
  <reporter-output>
  </reporter-output>
  <suite started-at="2022-12-12T19:10:17Z" name="Suite" finished-at="2022-12-12T19:10:55Z" duration-ms="37984">
    <groups>
    </groups>
    <test started-at="2022-12-12T19:10:17Z" name="Test" finished-at="2022-12-12T19:10:55Z" duration-ms="37984">
      <class name="tests.LoginTest">
        <test-method is-config="true" signature="beforeMethod()[pri:0, instance:tests.LoginTest@4e096385]" started-at="2022-12-12T19:10:17Z" name="beforeMethod" finished-at="2022-12-12T19:10:23Z" duration-ms="5971" status="PASS">
          <reporter-output>
          </reporter-output>
        </test-method> <!-- beforeMethod -->
        <test-method signature="loginWithSpecialCharEmailTest()[pri:1, instance:tests.LoginTest@4e096385]" started-at="2022-12-12T19:10:23Z" name="loginWithSpecialCharEmailTest" finished-at="2022-12-12T19:10:28Z" duration-ms="4192" status="PASS">
          <reporter-output>
          </reporter-output>
        </test-method> <!-- loginWithSpecialCharEmailTest -->
        <test-method is-config="true" signature="afterMethod()[pri:0, instance:tests.LoginTest@4e096385]" started-at="2022-12-12T19:10:28Z" name="afterMethod" finished-at="2022-12-12T19:10:28Z" duration-ms="552" status="PASS">
          <reporter-output>
          </reporter-output>
        </test-method> <!-- afterMethod -->
        <test-method is-config="true" signature="beforeMethod()[pri:0, instance:tests.LoginTest@4e096385]" started-at="2022-12-12T19:10:28Z" name="beforeMethod" finished-at="2022-12-12T19:10:33Z" duration-ms="4578" status="PASS">
          <reporter-output>
          </reporter-output>
        </test-method> <!-- beforeMethod -->
        <test-method signature="loginWithEmptyEmailTest()[pri:2, instance:tests.LoginTest@4e096385]" started-at="2022-12-12T19:10:33Z" name="loginWithEmptyEmailTest" finished-at="2022-12-12T19:10:36Z" duration-ms="3578" status="PASS">
          <reporter-output>
          </reporter-output>
        </test-method> <!-- loginWithEmptyEmailTest -->
        <test-method is-config="true" signature="afterMethod()[pri:0, instance:tests.LoginTest@4e096385]" started-at="2022-12-12T19:10:36Z" name="afterMethod" finished-at="2022-12-12T19:10:37Z" duration-ms="553" status="PASS">
          <reporter-output>
          </reporter-output>
        </test-method> <!-- afterMethod -->
        <test-method is-config="true" signature="beforeMethod()[pri:0, instance:tests.LoginTest@4e096385]" started-at="2022-12-12T19:10:37Z" name="beforeMethod" finished-at="2022-12-12T19:10:41Z" duration-ms="4164" status="PASS">
          <reporter-output>
          </reporter-output>
        </test-method> <!-- beforeMethod -->
        <test-method signature="loginWithEmptyPasswordTest()[pri:3, instance:tests.LoginTest@4e096385]" started-at="2022-12-12T19:10:41Z" name="loginWithEmptyPasswordTest" finished-at="2022-12-12T19:10:45Z" duration-ms="3559" status="PASS">
          <reporter-output>
          </reporter-output>
        </test-method> <!-- loginWithEmptyPasswordTest -->
        <test-method is-config="true" signature="afterMethod()[pri:0, instance:tests.LoginTest@4e096385]" started-at="2022-12-12T19:10:45Z" name="afterMethod" finished-at="2022-12-12T19:10:45Z" duration-ms="538" status="PASS">
          <reporter-output>
          </reporter-output>
        </test-method> <!-- afterMethod -->
        <test-method is-config="true" signature="beforeMethod()[pri:0, instance:tests.LoginTest@4e096385]" started-at="2022-12-12T19:10:45Z" name="beforeMethod" finished-at="2022-12-12T19:10:51Z" duration-ms="5900" status="PASS">
          <reporter-output>
          </reporter-output>
        </test-method> <!-- beforeMethod -->
        <test-method signature="loginWithWrongEmailAndPasswordTest()[pri:4, instance:tests.LoginTest@4e096385]" started-at="2022-12-12T19:10:51Z" name="loginWithWrongEmailAndPasswordTest" finished-at="2022-12-12T19:10:55Z" duration-ms="3851" status="FAIL">
          <exception class="org.openqa.selenium.NoSuchElementException">
            <message>
              <![CDATA[Unable to locate element: #globalError
For documentation on this error, please visit: https://selenium.dev/exceptions/#no_such_element
Build info: version: '4.5.0', revision: 'fe167b119a'
System info: os.name: 'Windows 10', os.arch: 'amd64', os.version: '10.0', java.version: '14.0.2'
Driver info: org.openqa.selenium.firefox.FirefoxDriver
Command: [289e1dfa-0545-4c31-9d37-e223cc0d7e78, findElement {using=id, value=globalError}]
Capabilities {acceptInsecureCerts: true, browserName: firefox, browserVersion: 107.0.1, moz:accessibilityChecks: false, moz:buildID: 20221128144904, moz:debuggerAddress: 127.0.0.1:55967, moz:geckodriverVersion: 0.31.0, moz:headless: false, moz:platformVersion: 10.0, moz:processID: 24488, moz:profile: C:\Users\hardi\AppData\Loca..., moz:shutdownTimeout: 60000, moz:useNonSpecCompliantPointerOrigin: false, moz:webdriverClick: true, moz:windowless: false, pageLoadStrategy: normal, platformName: WINDOWS, proxy: Proxy(), se:cdp: ws://127.0.0.1:55967/devtoo..., se:cdpVersion: 85.0, setWindowRect: true, strictFileInteractability: false, timeouts: {implicit: 0, pageLoad: 300000, script: 30000}, unhandledPromptBehavior: dismiss and notify}
Session ID: 289e1dfa-0545-4c31-9d37-e223cc0d7e78]]>
            </message>
            <full-stacktrace>
              <![CDATA[org.openqa.selenium.NoSuchElementException: Unable to locate element: #globalError
For documentation on this error, please visit: https://selenium.dev/exceptions/#no_such_element
Build info: version: '4.5.0', revision: 'fe167b119a'
System info: os.name: 'Windows 10', os.arch: 'amd64', os.version: '10.0', java.version: '14.0.2'
Driver info: org.openqa.selenium.firefox.FirefoxDriver
Command: [289e1dfa-0545-4c31-9d37-e223cc0d7e78, findElement {using=id, value=globalError}]
Capabilities {acceptInsecureCerts: true, browserName: firefox, browserVersion: 107.0.1, moz:accessibilityChecks: false, moz:buildID: 20221128144904, moz:debuggerAddress: 127.0.0.1:55967, moz:geckodriverVersion: 0.31.0, moz:headless: false, moz:platformVersion: 10.0, moz:processID: 24488, moz:profile: C:\Users\hardi\AppData\Loca..., moz:shutdownTimeout: 60000, moz:useNonSpecCompliantPointerOrigin: false, moz:webdriverClick: true, moz:windowless: false, pageLoadStrategy: normal, platformName: WINDOWS, proxy: Proxy(), se:cdp: ws://127.0.0.1:55967/devtoo..., se:cdpVersion: 85.0, setWindowRect: true, strictFileInteractability: false, timeouts: {implicit: 0, pageLoad: 300000, script: 30000}, unhandledPromptBehavior: dismiss and notify}
Session ID: 289e1dfa-0545-4c31-9d37-e223cc0d7e78
at java.base/jdk.internal.reflect.NativeConstructorAccessorImpl.newInstance0(Native Method)
at java.base/jdk.internal.reflect.NativeConstructorAccessorImpl.newInstance(NativeConstructorAccessorImpl.java:62)
at java.base/jdk.internal.reflect.DelegatingConstructorAccessorImpl.newInstance(DelegatingConstructorAccessorImpl.java:45)
at java.base/java.lang.reflect.Constructor.newInstanceWithCaller(Constructor.java:500)
at java.base/java.lang.reflect.Constructor.newInstance(Constructor.java:481)
at org.openqa.selenium.remote.codec.w3c.W3CHttpResponseCodec.createException(W3CHttpResponseCodec.java:200)
at org.openqa.selenium.remote.codec.w3c.W3CHttpResponseCodec.decode(W3CHttpResponseCodec.java:133)
at org.openqa.selenium.remote.codec.w3c.W3CHttpResponseCodec.decode(W3CHttpResponseCodec.java:53)
at org.openqa.selenium.remote.HttpCommandExecutor.execute(HttpCommandExecutor.java:184)
at org.openqa.selenium.remote.service.DriverCommandExecutor.invokeExecute(DriverCommandExecutor.java:167)
at org.openqa.selenium.remote.service.DriverCommandExecutor.execute(DriverCommandExecutor.java:142)
at org.openqa.selenium.remote.RemoteWebDriver.execute(RemoteWebDriver.java:547)
at org.openqa.selenium.remote.ElementLocation$ElementFinder$2.findElement(ElementLocation.java:162)
at org.openqa.selenium.remote.ElementLocation.findElement(ElementLocation.java:60)
at org.openqa.selenium.remote.RemoteWebDriver.findElement(RemoteWebDriver.java:365)
at org.openqa.selenium.remote.RemoteWebDriver.findElement(RemoteWebDriver.java:357)
at org.openqa.selenium.support.pagefactory.DefaultElementLocator.findElement(DefaultElementLocator.java:70)
at org.openqa.selenium.support.pagefactory.internal.LocatingElementHandler.invoke(LocatingElementHandler.java:39)
at com.sun.proxy.$Proxy14.getText(Unknown Source)
at pages.LoginPage.readGlobalError(LoginPage.java:109)
at tests.LoginTest.loginWithWrongEmailAndPasswordTest(LoginTest.java:132)
at java.base/jdk.internal.reflect.NativeMethodAccessorImpl.invoke0(Native Method)
at java.base/jdk.internal.reflect.NativeMethodAccessorImpl.invoke(NativeMethodAccessorImpl.java:62)
at java.base/jdk.internal.reflect.DelegatingMethodAccessorImpl.invoke(DelegatingMethodAccessorImpl.java:43)
at java.base/java.lang.reflect.Method.invoke(Method.java:564)
at org.testng.internal.MethodInvocationHelper.invokeMethod(MethodInvocationHelper.java:124)
at org.testng.internal.Invoker.invokeMethod(Invoker.java:580)
at org.testng.internal.Invoker.invokeTestMethod(Invoker.java:716)
at org.testng.internal.Invoker.invokeTestMethods(Invoker.java:988)
at org.testng.internal.TestMethodWorker.invokeTestMethods(TestMethodWorker.java:125)
at org.testng.internal.TestMethodWorker.run(TestMethodWorker.java:109)
at org.testng.TestRunner.privateRun(TestRunner.java:648)
at org.testng.TestRunner.run(TestRunner.java:505)
at org.testng.SuiteRunner.runTest(SuiteRunner.java:455)
at org.testng.SuiteRunner.runSequentially(SuiteRunner.java:450)
at org.testng.SuiteRunner.privateRun(SuiteRunner.java:415)
at org.testng.SuiteRunner.run(SuiteRunner.java:364)
at org.testng.SuiteRunnerWorker.runSuite(SuiteRunnerWorker.java:52)
at org.testng.SuiteRunnerWorker.run(SuiteRunnerWorker.java:84)
at org.testng.TestNG.runSuitesSequentially(TestNG.java:1208)
at org.testng.TestNG.runSuitesLocally(TestNG.java:1137)
at org.testng.TestNG.runSuites(TestNG.java:1049)
at org.testng.TestNG.run(TestNG.java:1017)
at org.testng.TestNG.privateMain(TestNG.java:1354)
at org.testng.TestNG.main(TestNG.java:1323)
]]>
            </full-stacktrace>
          </exception> <!-- org.openqa.selenium.NoSuchElementException -->
          <reporter-output>
          </reporter-output>
        </test-method> <!-- loginWithWrongEmailAndPasswordTest -->
        <test-method is-config="true" signature="afterMethod()[pri:0, instance:tests.LoginTest@4e096385]" started-at="2022-12-12T19:10:55Z" name="afterMethod" finished-at="2022-12-12T19:10:55Z" duration-ms="539" status="PASS">
          <reporter-output>
          </reporter-output>
        </test-method> <!-- afterMethod -->
      </class> <!-- tests.LoginTest -->
    </test> <!-- Test -->
  </suite> <!-- Suite -->
</testng-results>
