<?xml version="1.0" encoding="UTF-8"?>
<!-- Generated by org.testng.reporters.JUnitXMLReporter -->
<testsuite ignored="0" hostname="Hardik" failures="1" tests="3" name="Test" time="18.939" errors="0" timestamp="2023-04-04T21:29:41 EDT">
  <testcase classname="Test_Scenarios.TestMethods_GoogleSearch" name="SearchOperation" time="10.426"/>
  <testcase classname="Test_Scenarios.TestMethods_GoogleSearch" name="VerifyAndAccessFacebook" time="4.479"/>
  <testcase classname="Test_Scenarios.TestMethods_GoogleSearch" name="VerifyLogin" time="0.904">
    <failure type="java.lang.AssertionError" message="expected [Facebook - log in or sign up] but found []">
      <![CDATA[java.lang.AssertionError: expected [Facebook - log in or sign up] but found []
at Objects.FacebookPage.VerifyLogin(FacebookPage.java:31)
at Test_Scenarios.TestMethods_GoogleSearch.VerifyLogin(TestMethods_GoogleSearch.java:47)
at java.base/java.util.ArrayList.forEach(ArrayList.java:1511)
... Removed 33 stack frames]]>
    </failure>
  </testcase> <!-- VerifyLogin -->
</testsuite> <!-- Test -->
