<?xml version="1.0" encoding="UTF-8"?>
<!-- Generated by org.testng.reporters.JUnitXMLReporter -->
<testsuite ignored="0" hostname="Hardik" failures="0" tests="3" name="Default test" time="18.438" errors="0" timestamp="2023-04-04T21:15:53 EDT">
  <testcase classname="Test_Scenarios.TestMethods_GoogleSearch" name="SearchOperation" time="9.975"/>
  <testcase classname="Test_Scenarios.TestMethods_GoogleSearch" name="VerifyAndAccessFacebook" time="4.636"/>
  <testcase classname="Test_Scenarios.TestMethods_GoogleSearch" name="VerifyLogin" time="0.777"/>
</testsuite> <!-- Default test -->
