<?xml version="1.0" encoding="UTF-8"?>
<testng-results ignored="0" total="1" passed="1" failed="0" skipped="0">
  <reporter-output>
  </reporter-output>
  <suite started-at="2023-04-18T21:27:12 EDT" name="Default suite" finished-at="2023-04-18T21:27:15 EDT" duration-ms="2904">
    <groups>
    </groups>
    <test started-at="2023-04-18T21:27:12 EDT" name="Default test" finished-at="2023-04-18T21:27:15 EDT" duration-ms="2904">
      <class name="tests.TestsOnLocalAPI">
        <test-method signature="delete()[pri:0, instance:tests.TestsOnLocalAPI@7fee8714]" started-at="2023-04-18T21:27:12 EDT" name="delete" finished-at="2023-04-18T21:27:15 EDT" duration-ms="2875" status="PASS">
          <reporter-output>
          </reporter-output>
        </test-method> <!-- delete -->
      </class> <!-- tests.TestsOnLocalAPI -->
    </test> <!-- Default test -->
  </suite> <!-- Default suite -->
</testng-results>
