<?xml version="1.0" encoding="UTF-8"?>
<testng-results ignored="0" total="3" passed="3" failed="0" skipped="0">
  <reporter-output>
  </reporter-output>
  <suite started-at="2023-04-17T15:03:21 EDT" name="Default suite" finished-at="2023-04-17T15:03:23 EDT" duration-ms="1934">
    <groups>
    </groups>
    <test started-at="2023-04-17T15:03:21 EDT" name="Default test" finished-at="2023-04-17T15:03:23 EDT" duration-ms="1934">
      <class name="tests.PutPatchDeleteExamples">
        <test-method signature="testDelete()[pri:0, instance:tests.PutPatchDeleteExamples@f736069]" started-at="2023-04-17T15:03:21 EDT" name="testDelete" finished-at="2023-04-17T15:03:23 EDT" duration-ms="1253" status="PASS">
          <reporter-output>
          </reporter-output>
        </test-method> <!-- testDelete -->
        <test-method signature="testPatch()[pri:0, instance:tests.PutPatchDeleteExamples@f736069]" started-at="2023-04-17T15:03:23 EDT" name="testPatch" finished-at="2023-04-17T15:03:23 EDT" duration-ms="345" status="PASS">
          <reporter-output>
          </reporter-output>
        </test-method> <!-- testPatch -->
        <test-method signature="testPut()[pri:0, instance:tests.PutPatchDeleteExamples@f736069]" started-at="2023-04-17T15:03:23 EDT" name="testPut" finished-at="2023-04-17T15:03:23 EDT" duration-ms="298" status="PASS">
          <reporter-output>
          </reporter-output>
        </test-method> <!-- testPut -->
      </class> <!-- tests.PutPatchDeleteExamples -->
    </test> <!-- Default test -->
  </suite> <!-- Default suite -->
</testng-results>
