<?xml version="1.0" encoding="UTF-8"?>
<!-- Generated by org.testng.reporters.JUnitXMLReporter -->
<testsuite ignored="0" hostname="Hardik" failures="0" tests="3" name="Default test" time="1.934" errors="0" timestamp="2023-04-17T15:03:23 EDT">
  <testcase classname="tests.PutPatchDeleteExamples" name="testDelete" time="1.253"/>
  <testcase classname="tests.PutPatchDeleteExamples" name="testPatch" time="0.345"/>
  <testcase classname="tests.PutPatchDeleteExamples" name="testPut" time="0.298"/>
</testsuite> <!-- Default test -->
